GNU gdb (Ubuntu 9.1-0ubuntu1) 9.1
Copyright (C) 2020 Free Software Foundation, Inc.
License GPLv3+: GNU GPL version 3 or later <http://gnu.org/licenses/gpl.html>
This is free software: you are free to change and redistribute it.
There is NO WARRANTY, to the extent permitted by law.
Type "show copying" and "show warranty" for details.
This GDB was configured as "x86_64-linux-gnu".
Type "show configuration" for configuration details.
For bug reporting instructions, please see:
<http://www.gnu.org/software/gdb/bugs/>.
Find the GDB manual and other documentation resources online at:
    <http://www.gnu.org/software/gdb/documentation/>.

For help, type "help".
Type "apropos word" to search for commands related to "word".
[New LWP 146661]
[New LWP 146662]
[New LWP 146663]
[New LWP 146664]
[New LWP 146702]
[Thread debugging using libthread_db enabled]
Using host libthread_db library "/lib/x86_64-linux-gnu/libthread_db.so.1".
0x00007f82771f25d1 in _mm_pause ()
    at /usr/local/lib/gcc/x86_64-pc-linux-gnu/7.3.0/include/xmmintrin.h:1267

Stack backtrace
---------------
    at /usr/local/lib/gcc/x86_64-pc-linux-gnu/7.3.0/include/xmmintrin.h:1267
No locals.
#1  jl_gc_wait_for_the_world ()
    at /buildworker/worker/package_linux64/build/src/gc.c:205
        ptls2 = 0x7f8261fb49a0
        i = 3
#2  jl_gc_collect (collection=collection@entry=JL_GC_AUTO)
    at /buildworker/worker/package_linux64/build/src/gc.c:3099
        ptls = 0x7f82735974a0
        old_state = 0 '\000'
        last_errno = 0
#3  0x00007f82771f29eb in maybe_collect (ptls=0x7f82735974a0)
    at /buildworker/worker/package_linux64/build/src/gc.c:827
        safepoint_load = <optimized out>
#4  jl_gc_pool_alloc (ptls=0x7f82735974a0, pool_offset=<optimized out>, 
    osize=48) at /buildworker/worker/package_linux64/build/src/gc.c:1142
        p = 0x7f8273597a48
        v = <optimized out>
        next = <optimized out>
        cur_page = <optimized out>
#5  0x00007f8268a9278f in _BigFloat () at mpfr.jl:108
No locals.
#6  julia_BigFloat#1_9089 () at mpfr.jl:118
No locals.
#7  0x00007f824f31878b in ?? ()
No symbol table info available.
#8  0x0000000000000004 in ?? ()
No symbol table info available.
#9  0x00007f821bb74c00 in ?? ()
No symbol table info available.
#10 0x0000000000000000 in ?? ()
No symbol table info available.
>>>>>>>>>>>>>>>>>>>>>>>>>>>>>>>>>>>>>>>>>>>>>>>>>>>>>>>>>>>>>>>>>>>


Cython backtrace
----------------
#0  0x00007f82771f25cf in _mm_pause () at /usr/local/lib/gcc/x86_64-pc-linux-gnu/7.3.0/include/xmmintrin.h:1267
#1  0x00007f82771f257d in jl_gc_wait_for_the_world () at /buildworker/worker/package_linux64/build/src/gc.c:205
#2  0x00007f82771f24f0 in jl_gc_collect () at /buildworker/worker/package_linux64/build/src/gc.c:3099
#3  0x00007f82771f29da in maybe_collect () at /buildworker/worker/package_linux64/build/src/gc.c:827
#4  0x00007f82771f29c0 in jl_gc_pool_alloc () at /buildworker/worker/package_linux64/build/src/gc.c:1142
#5  0x00007f8268a9276d in _BigFloat () at ./mpfr.jl:108
#6  0x0000000000000000 in julia_BigFloat#1_9089 () at ./mpfr.jl:118
#7  0x0000000000000000 in ?? ()
#8  0x0000000000000000 in ?? ()
#9  0x0000000000000000 in ?? ()
#10 0x0000000000000000 in ?? ()

[Inferior 1 (process 146659) detached]
1267	/usr/local/lib/gcc/x86_64-pc-linux-gnu/7.3.0/include/xmmintrin.h: Arquivo ou diretório não encontrado.
