GNU gdb (Ubuntu 9.1-0ubuntu1) 9.1
Copyright (C) 2020 Free Software Foundation, Inc.
License GPLv3+: GNU GPL version 3 or later <http://gnu.org/licenses/gpl.html>
This is free software: you are free to change and redistribute it.
There is NO WARRANTY, to the extent permitted by law.
Type "show copying" and "show warranty" for details.
This GDB was configured as "x86_64-linux-gnu".
Type "show configuration" for configuration details.
For bug reporting instructions, please see:
<http://www.gnu.org/software/gdb/bugs/>.
Find the GDB manual and other documentation resources online at:
    <http://www.gnu.org/software/gdb/documentation/>.

For help, type "help".
Type "apropos word" to search for commands related to "word".
[New LWP 248693]
[New LWP 248701]
[New LWP 248702]
[New LWP 248703]
[New LWP 248854]
[Thread debugging using libthread_db enabled]
Using host libthread_db library "/lib/x86_64-linux-gnu/libthread_db.so.1".
0x00007f50a565fc6f in __GI___wait4 (pid=256892, stat_loc=0x0, options=0, 
    usage=0x0) at ../sysdeps/unix/sysv/linux/wait4.c:27

Stack backtrace
---------------
    usage=0x0) at ../sysdeps/unix/sysv/linux/wait4.c:27
        resultvar = 18446744073709551104
        sc_cancel_oldtype = 0
        sc_ret = <optimized out>
#1  0x00007f507ad68224 in ?? ()
   from /usr/lib/python3/dist-packages/cysignals/signals.cpython-38-x86_64-linux-gnu.so
No symbol table info available.
#2  0x00007f507ad68366 in ?? ()
   from /usr/lib/python3/dist-packages/cysignals/signals.cpython-38-x86_64-linux-gnu.so
No symbol table info available.
#3  0x00007f507ad6ad5f in ?? ()
   from /usr/lib/python3/dist-packages/cysignals/signals.cpython-38-x86_64-linux-gnu.so
No symbol table info available.
#4  <signal handler called>
No locals.
#5  0x00007f502f16bff6 in ?? ()
No symbol table info available.
#6  0x0000000000000000 in ?? ()
No symbol table info available.
>>>>>>>>>>>>>>>>>>>>>>>>>>>>>>>>>>>>>>>>>>>>>>>>>>>>>>>>>>>>>>>>>>>


Cython backtrace
----------------
#0  0x00007f50a565fc10 in __GI___wait4 () at /build/glibc-YYA7BZ/glibc-2.31/posix/../sysdeps/unix/sysv/linux/wait4.c:27
#1  0x0000000000000000 in ?? ()
#2  0x0000000000000000 in ?? ()
#3  0x0000000000000000 in ?? ()
#4  0x00007f50a55c0210 in __restore_rt ()
#5  0x0000000000000000 in ?? ()
#6  0x0000000000000000 in ?? ()

[Inferior 1 (process 248690) detached]
27	../sysdeps/unix/sysv/linux/wait4.c: Arquivo ou diretório não encontrado.
